#
# There is insufficient memory for the Java Runtime Environment to continue.
# Native memory allocation (mmap) failed to map 4194304 bytes for G1 virtual space
# Possible reasons:
#   The system is out of physical RAM or swap space
#   The process is running with CompressedOops enabled, and the Java Heap may be blocking the growth of the native heap
# Possible solutions:
#   Reduce memory load on the system
#   Increase physical memory or swap space
#   Check if swap backing store is full
#   Decrease Java heap size (-Xmx/-Xms)
#   Decrease number of Java threads
#   Decrease Java thread stack sizes (-Xss)
#   Set larger code cache with -XX:ReservedCodeCacheSize=
#   JVM is running with Zero Based Compressed Oops mode in which the Java heap is
#     placed in the first 32GB address space. The Java Heap base address is the
#     maximum limit for the native heap growth. Please use -XX:HeapBaseMinAddress
#     to set the Java Heap base and to place the Java Heap above 32GB virtual address.
# This output file may be truncated or incomplete.
#
#  Out of Memory Error (os_windows.cpp:3535), pid=36672, tid=21384
#
# JRE version:  (17.0.3+7) (build )
# Java VM: OpenJDK 64-Bit Server VM (17.0.3+7, mixed mode, sharing, tiered, compressed oops, compressed class ptrs, g1 gc, windows-amd64)
# No core dump will be written. Minidumps are not enabled by default on client versions of Windows
#

---------------  S U M M A R Y ------------

Command Line: -Dfile.encoding=utf-8 -XX:+ShowCodeDetailsInExceptionMessages ch04.home.ex04.H02Calculator

Host: Intel(R) Core(TM) i5-2500 CPU @ 3.30GHz, 4 cores, 15G,  Windows 10 , 64 bit Build 18362 (10.0.18362.329)
Time: Mon Dec 26 16:01:44 2022 대한민국 표준시 elapsed time: 0.010993 seconds (0d 0h 0m 0s)

---------------  T H R E A D  ---------------

Current thread (0x0000028d1a3fe3b0):  JavaThread "Unknown thread" [_thread_in_vm, id=21384, stack(0x0000008fb3d00000,0x0000008fb3e00000)]

Stack: [0x0000008fb3d00000,0x0000008fb3e00000]
Native frames: (J=compiled Java code, j=interpreted, Vv=VM code, C=native code)
V  [jvm.dll+0x675efa]
V  [jvm.dll+0x830a24]
V  [jvm.dll+0x8321ce]
V  [jvm.dll+0x832833]
V  [jvm.dll+0x2454b5]
V  [jvm.dll+0x672de9]
V  [jvm.dll+0x667732]
V  [jvm.dll+0x3043ab]
V  [jvm.dll+0x30b8f6]
V  [jvm.dll+0x35b643]
V  [jvm.dll+0x35b85f]
V  [jvm.dll+0x2db248]
V  [jvm.dll+0x2dc1b4]
V  [jvm.dll+0x802651]
V  [jvm.dll+0x3693b1]
V  [jvm.dll+0x7e1aac]
V  [jvm.dll+0x3ebd8f]
V  [jvm.dll+0x3ed911]
C  [jli.dll+0x5277]
C  [ucrtbase.dll+0x20e72]
C  [KERNEL32.DLL+0x17bd4]
C  [ntdll.dll+0x6ced1]


---------------  P R O C E S S  ---------------

Threads class SMR info:
_java_thread_list=0x00007ff9d73c6e98, length=0, elements={
}

Java Threads: ( => current thread )

Other Threads:
  0x0000028d1a468710 GCTaskThread "GC Thread#0" [stack: 0x0000008fb3e00000,0x0000008fb3f00000] [id=21712]
  0x0000028d1a47a8f0 ConcurrentGCThread "G1 Main Marker" [stack: 0x0000008fb3f00000,0x0000008fb4000000] [id=36780]
  0x0000028d1a47d1d0 ConcurrentGCThread "G1 Conc#0" [stack: 0x0000008fb4000000,0x0000008fb4100000] [id=36616]

[error occurred during error reporting (printing all threads), id 0xc0000005, EXCEPTION_ACCESS_VIOLATION (0xc0000005) at pc=0x00007ff9d6b9bcd7]

VM state: not at safepoint (not fully initialized)

VM Mutex/Monitor currently owned by a thread:  ([mutex/lock_event])
[0x0000028d1a3fa1d0] Heap_lock - owner thread: 0x0000028d1a3fe3b0

Heap address: 0x0000000700800000, size: 4088 MB, Compressed Oops mode: Zero based, Oop shift amount: 3

CDS archive(s) mapped at: [0x0000000000000000-0x0000000000000000-0x0000000000000000), size 0, SharedBaseAddress: 0x0000000800000000, ArchiveRelocationMode: 0.
Narrow klass base: 0x0000000000000000, Narrow klass shift: 0, Narrow klass range: 0x0

GC Precious Log:
<Empty>

Heap:
 garbage-first heap   total 0K, used 0K [0x0000000700800000, 0x0000000800000000)
  region size 2048K, 0 young (0K), 0 survivors (0K)

[error occurred during error reporting (printing heap information), id 0xc0000005, EXCEPTION_ACCESS_VIOLATION (0xc0000005) at pc=0x00007ff9d6f7f249]

GC Heap History (0 events):
No events

Deoptimization events (0 events):
No events

Classes unloaded (0 events):
No events

Classes redefined (0 events):
No events

Internal exceptions (0 events):
No events

VM Operations (0 events):
No events

Events (1 events):
Event: 0.006 Loaded shared library C:\Program Files\Eclipse Adoptium\jdk-17.0.3.7-hotspot\bin\java.dll


Dynamic libraries:
0x00007ff7c9fb0000 - 0x00007ff7c9fbe000 	C:\Program Files\Eclipse Adoptium\jdk-17.0.3.7-hotspot\bin\javaw.exe
0x00007ffa0a080000 - 0x00007ffa0a270000 	C:\Windows\SYSTEM32\ntdll.dll
0x00007ffa08c00000 - 0x00007ffa08cb2000 	C:\Windows\System32\KERNEL32.DLL
0x00007ffa07070000 - 0x00007ffa07313000 	C:\Windows\System32\KERNELBASE.dll
0x00007ffa07f50000 - 0x00007ffa0804a000 	C:\Windows\System32\ucrtbase.dll
0x00007ffa017d0000 - 0x00007ffa017e9000 	C:\Program Files\Eclipse Adoptium\jdk-17.0.3.7-hotspot\bin\VCRUNTIME140.dll
0x00007ffa007c0000 - 0x00007ffa007d8000 	C:\Program Files\Eclipse Adoptium\jdk-17.0.3.7-hotspot\bin\jli.dll
0x00007ffa09ca0000 - 0x00007ffa09e34000 	C:\Windows\System32\USER32.dll
0x00007ffa08100000 - 0x00007ffa08121000 	C:\Windows\System32\win32u.dll
0x00007ff9f9850000 - 0x00007ff9f9ad5000 	C:\Windows\WinSxS\amd64_microsoft.windows.common-controls_6595b64144ccf1df_6.0.18362.476_none_e6c4b11b130f2595\COMCTL32.dll
0x00007ffa09c70000 - 0x00007ffa09c96000 	C:\Windows\System32\GDI32.dll
0x00007ffa08cc0000 - 0x00007ffa08d5e000 	C:\Windows\System32\msvcrt.dll
0x00007ffa07bf0000 - 0x00007ffa07d84000 	C:\Windows\System32\gdi32full.dll
0x00007ffa09240000 - 0x00007ffa09576000 	C:\Windows\System32\combase.dll
0x00007ffa07eb0000 - 0x00007ffa07f4e000 	C:\Windows\System32\msvcp_win.dll
0x00007ffa08ae0000 - 0x00007ffa08c00000 	C:\Windows\System32\RPCRT4.dll
0x00007ffa07e30000 - 0x00007ffa07eb0000 	C:\Windows\System32\bcryptPrimitives.dll
0x00007ffa0a010000 - 0x00007ffa0a03e000 	C:\Windows\System32\IMM32.DLL
0x00007ffa007b0000 - 0x00007ffa007bc000 	C:\Program Files\Eclipse Adoptium\jdk-17.0.3.7-hotspot\bin\vcruntime140_1.dll
0x00007ff9f5ee0000 - 0x00007ff9f5f71000 	C:\Program Files\Eclipse Adoptium\jdk-17.0.3.7-hotspot\bin\msvcp140.dll
0x00007ff9d68b0000 - 0x00007ff9d74f8000 	C:\Program Files\Eclipse Adoptium\jdk-17.0.3.7-hotspot\bin\server\jvm.dll
0x00007ffa08dc0000 - 0x00007ffa08e63000 	C:\Windows\System32\ADVAPI32.dll
0x00007ffa09f70000 - 0x00007ffa0a007000 	C:\Windows\System32\sechost.dll
0x00007ffa09eb0000 - 0x00007ffa09eb8000 	C:\Windows\System32\PSAPI.DLL
0x00007ffa03850000 - 0x00007ffa03859000 	C:\Windows\SYSTEM32\WSOCK32.dll
0x00007ffa021d0000 - 0x00007ffa021da000 	C:\Windows\SYSTEM32\VERSION.dll
0x00007ffa09e40000 - 0x00007ffa09eaf000 	C:\Windows\System32\WS2_32.dll
0x00007ff9fc430000 - 0x00007ff9fc454000 	C:\Windows\SYSTEM32\WINMM.dll
0x00007ff9fc400000 - 0x00007ff9fc42d000 	C:\Windows\SYSTEM32\winmmbase.dll
0x00007ffa07dc0000 - 0x00007ffa07e0a000 	C:\Windows\System32\cfgmgr32.dll
0x00007ffa06fa0000 - 0x00007ffa06fb1000 	C:\Windows\System32\kernel.appcore.dll
0x00007ff9fbbd0000 - 0x00007ff9fbbda000 	C:\Program Files\Eclipse Adoptium\jdk-17.0.3.7-hotspot\bin\jimage.dll
0x00007ff9fcff0000 - 0x00007ff9fd1e4000 	C:\Windows\SYSTEM32\DBGHELP.DLL
0x00007ff9fcc30000 - 0x00007ff9fcc5a000 	C:\Windows\SYSTEM32\dbgcore.DLL
0x00007ff9f4fe0000 - 0x00007ff9f5005000 	C:\Program Files\Eclipse Adoptium\jdk-17.0.3.7-hotspot\bin\java.dll

dbghelp: loaded successfully - version: 4.0.5 - missing functions: none
symbol engine: initialized successfully - sym options: 0x614 - pdb path: .;C:\Program Files\Eclipse Adoptium\jdk-17.0.3.7-hotspot\bin;C:\Windows\SYSTEM32;C:\Windows\WinSxS\amd64_microsoft.windows.common-controls_6595b64144ccf1df_6.0.18362.476_none_e6c4b11b130f2595;C:\Program Files\Eclipse Adoptium\jdk-17.0.3.7-hotspot\bin\server

VM Arguments:
jvm_args: -Dfile.encoding=utf-8 -XX:+ShowCodeDetailsInExceptionMessages 
java_command: ch04.home.ex04.H02Calculator
java_class_path (initial): C:\DEV\workspace\java\bin
Launcher Type: SUN_STANDARD

[Global flags]
     intx CICompilerCount                          = 3                                         {product} {ergonomic}
     uint ConcGCThreads                            = 1                                         {product} {ergonomic}
     uint G1ConcRefinementThreads                  = 4                                         {product} {ergonomic}
   size_t G1HeapRegionSize                         = 2097152                                   {product} {ergonomic}
    uintx GCDrainStackTargetSize                   = 64                                        {product} {ergonomic}
   size_t InitialHeapSize                          = 268435456                                 {product} {ergonomic}
   size_t MarkStackSize                            = 4194304                                   {product} {ergonomic}
   size_t MaxHeapSize                              = 4286578688                                {product} {ergonomic}
   size_t MinHeapDeltaBytes                        = 2097152                                   {product} {ergonomic}
   size_t MinHeapSize                              = 8388608                                   {product} {ergonomic}
    uintx NonNMethodCodeHeapSize                   = 5832780                                {pd product} {ergonomic}
    uintx NonProfiledCodeHeapSize                  = 122912730                              {pd product} {ergonomic}
    uintx ProfiledCodeHeapSize                     = 122912730                              {pd product} {ergonomic}
    uintx ReservedCodeCacheSize                    = 251658240                              {pd product} {ergonomic}
     bool SegmentedCodeCache                       = true                                      {product} {ergonomic}
     bool ShowCodeDetailsInExceptionMessages       = true                                   {manageable} {command line}
   size_t SoftMaxHeapSize                          = 4286578688                             {manageable} {ergonomic}
     bool UseCompressedClassPointers               = true                           {product lp64_product} {ergonomic}
     bool UseCompressedOops                        = true                           {product lp64_product} {ergonomic}
     bool UseG1GC                                  = true                                      {product} {ergonomic}
     bool UseLargePagesIndividualAllocation        = false                                  {pd product} {ergonomic}

Logging:
Log output configuration:
 #0: stdout all=warning uptime,level,tags
 #1: stderr all=off uptime,level,tags

Environment Variables:
JAVA_HOME=C:\Program Files\Eclipse Adoptium\jdk-17.0.3.7-hotspot\
PATH=C:/Program Files/Eclipse Adoptium/jdk-17.0.3.7-hotspot/bin/server;C:/Program Files/Eclipse Adoptium/jdk-17.0.3.7-hotspot/bin;C:\Program Files\Eclipse Adoptium\jdk-17.0.3.7-hotspot\bin;C:\Windows\system32;C:\Windows;C:\Windows\System32\Wbem;C:\Windows\System32\WindowsPowerShell\v1.0\;C:\Windows\System32\OpenSSH\;C:\Users\601-3\AppData\Local\Microsoft\WindowsApps;C:\DEV\Microsoft VS Code\bin;C:\Windows\System32;
USERNAME=601-3
OS=Windows_NT
PROCESSOR_IDENTIFIER=Intel64 Family 6 Model 42 Stepping 7, GenuineIntel



---------------  S Y S T E M  ---------------

OS:
 Windows 10 , 64 bit Build 18362 (10.0.18362.329)
OS uptime: 27 days 4:56 hours

CPU: total 4 (initial active 4) (4 cores per cpu, 1 threads per core) family 6 model 42 stepping 7 microcode 0x2e, cx8, cmov, fxsr, mmx, sse, sse2, sse3, ssse3, sse4.1, sse4.2, popcnt, tsc, tscinvbit, avx, aes, clmul, vzeroupper, clflush

Memory: 4k page, system-wide physical 16349M (9125M free)
TotalPageFile size 44889M (AvailPageFile size 6M)
current process WorkingSet (physical memory assigned to process): 10M, peak: 10M
current process commit charge ("private bytes"): 308M, peak: 312M

vm_info: OpenJDK 64-Bit Server VM (17.0.3+7) for windows-amd64 JRE (17.0.3+7), built on Apr 19 2022 16:55:35 by "" with MS VC++ 16.7 (VS2019)

END.
